<?xml version="1.0" encoding="UTF-8"?>
<!-- Generated by org.testng.reporters.JUnitReportReporter -->
<testsuite hostname="Naik" name="com.hrm.scripts.ImplicitLoginScenario" tests="1" failures="0" timestamp="18 Feb 2017 18:42:00 GMT" time="45.828" errors="0">
  <testcase name="testLoginScenario" time="45.828" classname="com.hrm.scripts.ImplicitLoginScenario"/>
</testsuite> <!-- com.hrm.scripts.ImplicitLoginScenario -->
