<?xml version="1.0" encoding="UTF-8"?>
<!-- Generated by org.testng.reporters.JUnitReportReporter -->
<testsuite hostname="Naik" name="com.hrm.scripts.CreateAdmin" tests="1" failures="0" timestamp="18 Feb 2017 18:42:00 GMT" time="19.042" errors="0">
  <testcase name="testCreatAdmin" time="19.042" classname="com.hrm.scripts.CreateAdmin"/>
</testsuite> <!-- com.hrm.scripts.CreateAdmin -->
