<?xml version="1.0" encoding="UTF-8"?>
<!-- Generated by org.testng.reporters.JUnitReportReporter -->
<testsuite hostname="Naik" name="com.hrm.scripts.ExplicitLoginScenario" tests="1" failures="0" timestamp="18 Feb 2017 18:42:00 GMT" time="0.036" errors="0">
  <testcase name="testLoginScenario" time="0.036" classname="com.hrm.scripts.ExplicitLoginScenario"/>
</testsuite> <!-- com.hrm.scripts.ExplicitLoginScenario -->
